
*** Running vivado
    with args -log design_1_xlconstant_0_0.vds -m64 -product Vivado -mode batch -messageDb vivado.pb -notrace -source design_1_xlconstant_0_0.tcl


****** Vivado v2017.2 (64-bit)
  **** SW Build 1909853 on Thu Jun 15 18:39:10 MDT 2017
  **** IP Build 1909766 on Thu Jun 15 19:58:00 MDT 2017
    ** Copyright 1986-2017 Xilinx, Inc. All Rights Reserved.

source design_1_xlconstant_0_0.tcl -notrace
Starting RTL Elaboration : Time (s): cpu = 00:00:08 ; elapsed = 00:00:10 . Memory (MB): peak = 1241.258 ; gain = 47.000 ; free physical = 101 ; free virtual = 4546
INFO: [Synth 8-638] synthesizing module 'design_1_xlconstant_0_0' [/home/v/Desktop/project/vivado/project_2/project_2.srcs/sources_1/bd/design_1/ip/design_1_xlconstant_0_0/synth/design_1_xlconstant_0_0.v:57]
INFO: [Synth 8-638] synthesizing module 'xlconstant_v1_1_3_xlconstant' [/home/v/Desktop/project/vivado/project_2/project_2.srcs/sources_1/bd/design_1/ipshared/45df/hdl/xlconstant_v1_1_vl_rfs.v:23]
INFO: [Synth 8-256] done synthesizing module 'xlconstant_v1_1_3_xlconstant' (1#1) [/home/v/Desktop/project/vivado/project_2/project_2.srcs/sources_1/bd/design_1/ipshared/45df/hdl/xlconstant_v1_1_vl_rfs.v:23]
INFO: [Synth 8-256] done synthesizing module 'design_1_xlconstant_0_0' (2#1) [/home/v/Desktop/project/vivado/project_2/project_2.srcs/sources_1/bd/design_1/ip/design_1_xlconstant_0_0/synth/design_1_xlconstant_0_0.v:57]
Finished RTL Elaboration : Time (s): cpu = 00:00:10 ; elapsed = 00:00:12 . Memory (MB): peak = 1282.758 ; gain = 88.500 ; free physical = 203 ; free virtual = 4541
Finished RTL Optimization Phase 1 : Time (s): cpu = 00:00:10 ; elapsed = 00:00:13 . Memory (MB): peak = 1282.758 ; gain = 88.500 ; free physical = 156 ; free virtual = 4500
INFO: [Device 21-403] Loading part xc7z020clg484-1
Constraint Validation Runtime : Time (s): cpu = 00:00:00.02 ; elapsed = 00:00:01 . Memory (MB): peak = 1517.758 ; gain = 0.000 ; free physical = 153 ; free virtual = 4188
Finished Constraint Validation : Time (s): cpu = 00:00:27 ; elapsed = 00:02:16 . Memory (MB): peak = 1517.758 ; gain = 323.500 ; free physical = 135 ; free virtual = 4319
Finished Loading Part and Timing Information : Time (s): cpu = 00:00:27 ; elapsed = 00:02:16 . Memory (MB): peak = 1517.758 ; gain = 323.500 ; free physical = 135 ; free virtual = 4318
Finished applying 'set_property' XDC Constraints : Time (s): cpu = 00:00:27 ; elapsed = 00:02:16 . Memory (MB): peak = 1517.758 ; gain = 323.500 ; free physical = 137 ; free virtual = 4321
Finished RTL Optimization Phase 2 : Time (s): cpu = 00:00:27 ; elapsed = 00:02:17 . Memory (MB): peak = 1517.758 ; gain = 323.500 ; free physical = 134 ; free virtual = 4322
Finished Cross Boundary and Area Optimization : Time (s): cpu = 00:00:28 ; elapsed = 00:02:18 . Memory (MB): peak = 1517.758 ; gain = 323.500 ; free physical = 126 ; free virtual = 4321
Finished Applying XDC Timing Constraints : Time (s): cpu = 00:00:41 ; elapsed = 00:02:39 . Memory (MB): peak = 1567.758 ; gain = 373.500 ; free physical = 116 ; free virtual = 3803
Finished Timing Optimization : Time (s): cpu = 00:00:41 ; elapsed = 00:02:51 . Memory (MB): peak = 1567.758 ; gain = 373.500 ; free physical = 112 ; free virtual = 3813
Finished Technology Mapping : Time (s): cpu = 00:00:41 ; elapsed = 00:02:59 . Memory (MB): peak = 1577.773 ; gain = 383.516 ; free physical = 109 ; free virtual = 3797
Finished IO Insertion : Time (s): cpu = 00:00:42 ; elapsed = 00:03:03 . Memory (MB): peak = 1577.773 ; gain = 383.516 ; free physical = 107 ; free virtual = 3802
Finished Renaming Generated Instances : Time (s): cpu = 00:00:42 ; elapsed = 00:03:04 . Memory (MB): peak = 1577.773 ; gain = 383.516 ; free physical = 113 ; free virtual = 3796
Finished Rebuilding User Hierarchy : Time (s): cpu = 00:00:42 ; elapsed = 00:03:05 . Memory (MB): peak = 1577.773 ; gain = 383.516 ; free physical = 102 ; free virtual = 3797
Finished Renaming Generated Ports : Time (s): cpu = 00:00:42 ; elapsed = 00:03:05 . Memory (MB): peak = 1577.773 ; gain = 383.516 ; free physical = 103 ; free virtual = 3799
Finished Handling Custom Attributes : Time (s): cpu = 00:00:42 ; elapsed = 00:03:06 . Memory (MB): peak = 1577.773 ; gain = 383.516 ; free physical = 124 ; free virtual = 3799
Finished Renaming Generated Nets : Time (s): cpu = 00:00:42 ; elapsed = 00:03:06 . Memory (MB): peak = 1577.773 ; gain = 383.516 ; free physical = 124 ; free virtual = 3799

Report Cell Usage: 
+-+-----+------+
| |Cell |Count |
+-+-----+------+
+-+-----+------+
Finished Writing Synthesis Report : Time (s): cpu = 00:00:42 ; elapsed = 00:03:06 . Memory (MB): peak = 1577.773 ; gain = 383.516 ; free physical = 120 ; free virtual = 3798
synth_design: Time (s): cpu = 00:00:44 ; elapsed = 00:04:00 . Memory (MB): peak = 1591.773 ; gain = 410.098 ; free physical = 330 ; free virtual = 3869
